Сборка начата 30.12.2023 09:47:23.
Уровень детализации журнала: Normal.     1>Проект "C:\Users\glora\Desktop\Лаба 12 ОПИ\project\project\project\project.vcxproj" в узле 2 (целевые объекты Build).
     1>InitializeBuildStatus:
         Создание "x64\Debug\project.tlog\unsuccessfulbuild", так как было задано "AlwaysCreate".
         Обращение к "x64\Debug\project.tlog\unsuccessfulbuild".
       ClCompile:
         C:\Program Files\Microsoft Visual Studio\2022\Community\VC\Tools\MSVC\14.37.32822\bin\HostX64\x64\CL.exe /c /ZI /JMC /nologo /W3 /WX- /diagnostics:column /sdl /Od /D _DEBUG /D _CONSOLE /D _UNICODE /D UNICODE /Gm- /EHsc /RTC1 /MDd /GS /fp:precise /Zc:wchar_t /Zc:forScope /Zc:inline /permissive- /Fo"x64\Debug\\" /Fd"x64\Debug\vc143.pdb" /external:W3 /Gd /TP /FC /errorReport:prompt project.cpp
         project.cpp
       Link:
         C:\Program Files\Microsoft Visual Studio\2022\Community\VC\Tools\MSVC\14.37.32822\bin\HostX64\x64\link.exe /ERRORREPORT:PROMPT /OUT:"C:\Users\glora\Desktop\Лаба 12 ОПИ\project\project\x64\Debug\project.exe" /INCREMENTAL /ILK:"x64\Debug\project.ilk" /NOLOGO kernel32.lib user32.lib gdi32.lib winspool.lib comdlg32.lib advapi32.lib shell32.lib ole32.lib oleaut32.lib uuid.lib odbc32.lib odbccp32.lib /MANIFEST /MANIFESTUAC:"level='asInvoker' uiAccess='false'" /manifest:embed /DEBUG /PDB:"C:\Users\glora\Desktop\Лаба 12 ОПИ\project\project\x64\Debug\project.pdb" /SUBSYSTEM:CONSOLE /TLBID:1 /DYNAMICBASE /NXCOMPAT /IMPLIB:"C:\Users\glora\Desktop\Лаба 12 ОПИ\project\project\x64\Debug\project.lib" /MACHINE:X64 x64\Debug\calculate.obj
         x64\Debug\converting_symbol_to_win1251.obj
         x64\Debug\project.obj
         x64\Debug\see_schedule.obj
         x64\Debug\translate_decimal_to_binary.obj
         x64\Debug\write_num_to_words.obj
         project.vcxproj -> C:\Users\glora\Desktop\Лаба 12 ОПИ\project\project\x64\Debug\project.exe
       FinalizeBuildStatus:
         Файл "x64\Debug\project.tlog\unsuccessfulbuild" удаляется.
         Обращение к "x64\Debug\project.tlog\project.lastbuildstate".
     1>Сборка проекта "C:\Users\glora\Desktop\Лаба 12 ОПИ\project\project\project\project.vcxproj" завершена (целевые объекты Build).

Сборка успешно завершена.
    Предупреждений: 0
    Ошибок: 0

Прошло времени 00:00:01.70
