Сборка начата 25.12.2023 19:53:37.
Уровень детализации журнала: Normal.     1>Проект "C:\Users\glebs\source\repos\Our_project\Our_project\Our_project.vcxproj" в узле 2 (целевые объекты Build).
     1>InitializeBuildStatus:
         Создание "x64\Debug\Our_project.tlog\unsuccessfulbuild", так как было задано "AlwaysCreate".
         Обращение к "x64\Debug\Our_project.tlog\unsuccessfulbuild".
       ClCompile:
         C:\Program Files\Microsoft Visual Studio\2022\Community\VC\Tools\MSVC\14.37.32822\bin\HostX64\x64\CL.exe /c /ZI /JMC /nologo /W3 /WX- /diagnostics:column /sdl /Od /D _DEBUG /D _CONSOLE /D _UNICODE /D UNICODE /Gm- /EHsc /RTC1 /MDd /GS /fp:precise /Zc:wchar_t /Zc:forScope /Zc:inline /permissive- /Fo"x64\Debug\\" /Fd"x64\Debug\vc143.pdb" /external:W3 /Gd /TP /FC /errorReport:prompt show_time.cpp
         show_time.cpp
       Link:
         C:\Program Files\Microsoft Visual Studio\2022\Community\VC\Tools\MSVC\14.37.32822\bin\HostX64\x64\link.exe /ERRORREPORT:PROMPT /OUT:"C:\Users\glebs\source\repos\Our_project\x64\Debug\Our_project.exe" /INCREMENTAL /ILK:"x64\Debug\Our_project.ilk" /NOLOGO kernel32.lib user32.lib gdi32.lib winspool.lib comdlg32.lib advapi32.lib shell32.lib ole32.lib oleaut32.lib uuid.lib odbc32.lib odbccp32.lib /MANIFEST /MANIFESTUAC:"level='asInvoker' uiAccess='false'" /manifest:embed /DEBUG /PDB:"C:\Users\glebs\source\repos\Our_project\x64\Debug\Our_project.pdb" /SUBSYSTEM:CONSOLE /TLBID:1 /DYNAMICBASE /NXCOMPAT /IMPLIB:"C:\Users\glebs\source\repos\Our_project\x64\Debug\Our_project.lib" /MACHINE:X64 x64\Debug\calculate.obj
         x64\Debug\main.obj
         x64\Debug\show_time.obj
         x64\Debug\trancelate_decimal_to_binary.obj
         x64\Debug\translate_win1251_to_utf8.obj
         x64\Debug\write_num_to_words.obj
         Our_project.vcxproj -> C:\Users\glebs\source\repos\Our_project\x64\Debug\Our_project.exe
       FinalizeBuildStatus:
         Файл "x64\Debug\Our_project.tlog\unsuccessfulbuild" удаляется.
         Обращение к "x64\Debug\Our_project.tlog\Our_project.lastbuildstate".
     1>Сборка проекта "C:\Users\glebs\source\repos\Our_project\Our_project\Our_project.vcxproj" завершена (целевые объекты Build).

Сборка успешно завершена.
    Предупреждений: 0
    Ошибок: 0

Прошло времени 00:00:00.59
